{
  "url": "https://api.github.com/repos/lvasselt/cassandra-shawn/pulls/1",
  "id": 121246379,
  "html_url": "https://github.com/lvasselt/cassandra-shawn/pull/1",
  "diff_url": "https://github.com/lvasselt/cassandra-shawn/pull/1.diff",
  "patch_url": "https://github.com/lvasselt/cassandra-shawn/pull/1.patch",
  "issue_url": "https://api.github.com/repos/lvasselt/cassandra-shawn/issues/1",
  "number": 1,
  "state": "open",
  "locked": false,
  "title": "Fix broken url to \"Better Bloom Filter\" paper",
  "user": {
    "login": "andrelaszlo",
    "id": 21381,
    "avatar_url": "https://avatars1.githubusercontent.com/u/21381?v=3",
    "gravatar_id": "",
    "url": "https://api.github.com/users/andrelaszlo",
    "html_url": "https://github.com/andrelaszlo",
    "followers_url": "https://api.github.com/users/andrelaszlo/followers",
    "following_url": "https://api.github.com/users/andrelaszlo/following{/other_user}",
    "gists_url": "https://api.github.com/users/andrelaszlo/gists{/gist_id}",
    "starred_url": "https://api.github.com/users/andrelaszlo/starred{/owner}{/repo}",
    "subscriptions_url": "https://api.github.com/users/andrelaszlo/subscriptions",
    "organizations_url": "https://api.github.com/users/andrelaszlo/orgs",
    "repos_url": "https://api.github.com/users/andrelaszlo/repos",
    "events_url": "https://api.github.com/users/andrelaszlo/events{/privacy}",
    "received_events_url": "https://api.github.com/users/andrelaszlo/received_events",
    "type": "User",
    "site_admin": false
  },
  "body": "I noticed that this link was broken so I replaced it with a link to a copy provided by the other author",
  "created_at": "2017-05-18T10:07:56Z",
  "updated_at": "2017-05-18T10:07:56Z",
  "closed_at": null,
  "merged_at": null,
  "merge_commit_sha": null,
  "assignee": null,
  "assignees": [

  ],
  "requested_reviewers": [

  ],
  "milestone": null,
  "commits_url": "https://api.github.com/repos/lvasselt/cassandra-shawn/pulls/1/commits",
  "review_comments_url": "https://api.github.com/repos/lvasselt/cassandra-shawn/pulls/1/comments",
  "review_comment_url": "https://api.github.com/repos/lvasselt/cassandra-shawn/pulls/comments{/number}",
  "comments_url": "https://api.github.com/repos/lvasselt/cassandra-shawn/issues/1/comments",
  "statuses_url": "https://api.github.com/repos/lvasselt/cassandra-shawn/statuses/2587379c9a997628132ed1fe11caef35b64cc94c",
  "head": {
    "label": "andrelaszlo:master",
    "ref": "master",
    "sha": "2587379c9a997628132ed1fe11caef35b64cc94c",
    "user": {
      "login": "andrelaszlo",
      "id": 21381,
      "avatar_url": "https://avatars1.githubusercontent.com/u/21381?v=3",
      "gravatar_id": "",
      "url": "https://api.github.com/users/andrelaszlo",
      "html_url": "https://github.com/andrelaszlo",
      "followers_url": "https://api.github.com/users/andrelaszlo/followers",
      "following_url": "https://api.github.com/users/andrelaszlo/following{/other_user}",
      "gists_url": "https://api.github.com/users/andrelaszlo/gists{/gist_id}",
      "starred_url": "https://api.github.com/users/andrelaszlo/starred{/owner}{/repo}",
      "subscriptions_url": "https://api.github.com/users/andrelaszlo/subscriptions",
      "organizations_url": "https://api.github.com/users/andrelaszlo/orgs",
      "repos_url": "https://api.github.com/users/andrelaszlo/repos",
      "events_url": "https://api.github.com/users/andrelaszlo/events{/privacy}",
      "received_events_url": "https://api.github.com/users/andrelaszlo/received_events",
      "type": "User",
      "site_admin": false
    },
    "repo": {
      "id": 91678817,
      "name": "cassandra-shawn",
      "full_name": "andrelaszlo/cassandra-shawn",
      "owner": {
        "login": "andrelaszlo",
        "id": 21381,
        "avatar_url": "https://avatars1.githubusercontent.com/u/21381?v=3",
        "gravatar_id": "",
        "url": "https://api.github.com/users/andrelaszlo",
        "html_url": "https://github.com/andrelaszlo",
        "followers_url": "https://api.github.com/users/andrelaszlo/followers",
        "following_url": "https://api.github.com/users/andrelaszlo/following{/other_user}",
        "gists_url": "https://api.github.com/users/andrelaszlo/gists{/gist_id}",
        "starred_url": "https://api.github.com/users/andrelaszlo/starred{/owner}{/repo}",
        "subscriptions_url": "https://api.github.com/users/andrelaszlo/subscriptions",
        "organizations_url": "https://api.github.com/users/andrelaszlo/orgs",
        "repos_url": "https://api.github.com/users/andrelaszlo/repos",
        "events_url": "https://api.github.com/users/andrelaszlo/events{/privacy}",
        "received_events_url": "https://api.github.com/users/andrelaszlo/received_events",
        "type": "User",
        "site_admin": false
      },
      "private": false,
      "html_url": "https://github.com/andrelaszlo/cassandra-shawn",
      "description": "Automatically exported from code.google.com/p/cassandra-shawn",
      "fork": true,
      "url": "https://api.github.com/repos/andrelaszlo/cassandra-shawn",
      "forks_url": "https://api.github.com/repos/andrelaszlo/cassandra-shawn/forks",
      "keys_url": "https://api.github.com/repos/andrelaszlo/cassandra-shawn/keys{/key_id}",
      "collaborators_url": "https://api.github.com/repos/andrelaszlo/cassandra-shawn/collaborators{/collaborator}",
      "teams_url": "https://api.github.com/repos/andrelaszlo/cassandra-shawn/teams",
      "hooks_url": "https://api.github.com/repos/andrelaszlo/cassandra-shawn/hooks",
      "issue_events_url": "https://api.github.com/repos/andrelaszlo/cassandra-shawn/issues/events{/number}",
      "events_url": "https://api.github.com/repos/andrelaszlo/cassandra-shawn/events",
      "assignees_url": "https://api.github.com/repos/andrelaszlo/cassandra-shawn/assignees{/user}",
      "branches_url": "https://api.github.com/repos/andrelaszlo/cassandra-shawn/branches{/branch}",
      "tags_url": "https://api.github.com/repos/andrelaszlo/cassandra-shawn/tags",
      "blobs_url": "https://api.github.com/repos/andrelaszlo/cassandra-shawn/git/blobs{/sha}",
      "git_tags_url": "https://api.github.com/repos/andrelaszlo/cassandra-shawn/git/tags{/sha}",
      "git_refs_url": "https://api.github.com/repos/andrelaszlo/cassandra-shawn/git/refs{/sha}",
      "trees_url": "https://api.github.com/repos/andrelaszlo/cassandra-shawn/git/trees{/sha}",
      "statuses_url": "https://api.github.com/repos/andrelaszlo/cassandra-shawn/statuses/{sha}",
      "languages_url": "https://api.github.com/repos/andrelaszlo/cassandra-shawn/languages",
      "stargazers_url": "https://api.github.com/repos/andrelaszlo/cassandra-shawn/stargazers",
      "contributors_url": "https://api.github.com/repos/andrelaszlo/cassandra-shawn/contributors",
      "subscribers_url": "https://api.github.com/repos/andrelaszlo/cassandra-shawn/subscribers",
      "subscription_url": "https://api.github.com/repos/andrelaszlo/cassandra-shawn/subscription",
      "commits_url": "https://api.github.com/repos/andrelaszlo/cassandra-shawn/commits{/sha}",
      "git_commits_url": "https://api.github.com/repos/andrelaszlo/cassandra-shawn/git/commits{/sha}",
      "comments_url": "https://api.github.com/repos/andrelaszlo/cassandra-shawn/comments{/number}",
      "issue_comment_url": "https://api.github.com/repos/andrelaszlo/cassandra-shawn/issues/comments{/number}",
      "contents_url": "https://api.github.com/repos/andrelaszlo/cassandra-shawn/contents/{+path}",
      "compare_url": "https://api.github.com/repos/andrelaszlo/cassandra-shawn/compare/{base}...{head}",
      "merges_url": "https://api.github.com/repos/andrelaszlo/cassandra-shawn/merges",
      "archive_url": "https://api.github.com/repos/andrelaszlo/cassandra-shawn/{archive_format}{/ref}",
      "downloads_url": "https://api.github.com/repos/andrelaszlo/cassandra-shawn/downloads",
      "issues_url": "https://api.github.com/repos/andrelaszlo/cassandra-shawn/issues{/number}",
      "pulls_url": "https://api.github.com/repos/andrelaszlo/cassandra-shawn/pulls{/number}",
      "milestones_url": "https://api.github.com/repos/andrelaszlo/cassandra-shawn/milestones{/number}",
      "notifications_url": "https://api.github.com/repos/andrelaszlo/cassandra-shawn/notifications{?since,all,participating}",
      "labels_url": "https://api.github.com/repos/andrelaszlo/cassandra-shawn/labels{/name}",
      "releases_url": "https://api.github.com/repos/andrelaszlo/cassandra-shawn/releases{/id}",
      "deployments_url": "https://api.github.com/repos/andrelaszlo/cassandra-shawn/deployments",
      "created_at": "2017-05-18T10:07:38Z",
      "updated_at": "2017-05-18T10:07:41Z",
      "pushed_at": "2017-05-18T10:07:55Z",
      "git_url": "git://github.com/andrelaszlo/cassandra-shawn.git",
      "ssh_url": "git@github.com:andrelaszlo/cassandra-shawn.git",
      "clone_url": "https://github.com/andrelaszlo/cassandra-shawn.git",
      "svn_url": "https://github.com/andrelaszlo/cassandra-shawn",
      "homepage": null,
      "size": 7624,
      "stargazers_count": 0,
      "watchers_count": 0,
      "language": "Java",
      "has_issues": false,
      "has_projects": true,
      "has_downloads": false,
      "has_wiki": false,
      "has_pages": false,
      "forks_count": 0,
      "mirror_url": null,
      "open_issues_count": 0,
      "forks": 0,
      "open_issues": 0,
      "watchers": 0,
      "default_branch": "master"
    }
  },
  "base": {
    "label": "lvasselt:master",
    "ref": "master",
    "sha": "424cdedc1503e1e48fc2cfa65a2254b1a8d0b6f6",
    "user": {
      "login": "lvasselt",
      "id": 11218999,
      "avatar_url": "https://avatars1.githubusercontent.com/u/11218999?v=3",
      "gravatar_id": "",
      "url": "https://api.github.com/users/lvasselt",
      "html_url": "https://github.com/lvasselt",
      "followers_url": "https://api.github.com/users/lvasselt/followers",
      "following_url": "https://api.github.com/users/lvasselt/following{/other_user}",
      "gists_url": "https://api.github.com/users/lvasselt/gists{/gist_id}",
      "starred_url": "https://api.github.com/users/lvasselt/starred{/owner}{/repo}",
      "subscriptions_url": "https://api.github.com/users/lvasselt/subscriptions",
      "organizations_url": "https://api.github.com/users/lvasselt/orgs",
      "repos_url": "https://api.github.com/users/lvasselt/repos",
      "events_url": "https://api.github.com/users/lvasselt/events{/privacy}",
      "received_events_url": "https://api.github.com/users/lvasselt/received_events",
      "type": "User",
      "site_admin": false
    },
    "repo": {
      "id": 33954205,
      "name": "cassandra-shawn",
      "full_name": "lvasselt/cassandra-shawn",
      "owner": {
        "login": "lvasselt",
        "id": 11218999,
        "avatar_url": "https://avatars1.githubusercontent.com/u/11218999?v=3",
        "gravatar_id": "",
        "url": "https://api.github.com/users/lvasselt",
        "html_url": "https://github.com/lvasselt",
        "followers_url": "https://api.github.com/users/lvasselt/followers",
        "following_url": "https://api.github.com/users/lvasselt/following{/other_user}",
        "gists_url": "https://api.github.com/users/lvasselt/gists{/gist_id}",
        "starred_url": "https://api.github.com/users/lvasselt/starred{/owner}{/repo}",
        "subscriptions_url": "https://api.github.com/users/lvasselt/subscriptions",
        "organizations_url": "https://api.github.com/users/lvasselt/orgs",
        "repos_url": "https://api.github.com/users/lvasselt/repos",
        "events_url": "https://api.github.com/users/lvasselt/events{/privacy}",
        "received_events_url": "https://api.github.com/users/lvasselt/received_events",
        "type": "User",
        "site_admin": false
      },
      "private": false,
      "html_url": "https://github.com/lvasselt/cassandra-shawn",
      "description": "Automatically exported from code.google.com/p/cassandra-shawn",
      "fork": false,
      "url": "https://api.github.com/repos/lvasselt/cassandra-shawn",
      "forks_url": "https://api.github.com/repos/lvasselt/cassandra-shawn/forks",
      "keys_url": "https://api.github.com/repos/lvasselt/cassandra-shawn/keys{/key_id}",
      "collaborators_url": "https://api.github.com/repos/lvasselt/cassandra-shawn/collaborators{/collaborator}",
      "teams_url": "https://api.github.com/repos/lvasselt/cassandra-shawn/teams",
      "hooks_url": "https://api.github.com/repos/lvasselt/cassandra-shawn/hooks",
      "issue_events_url": "https://api.github.com/repos/lvasselt/cassandra-shawn/issues/events{/number}",
      "events_url": "https://api.github.com/repos/lvasselt/cassandra-shawn/events",
      "assignees_url": "https://api.github.com/repos/lvasselt/cassandra-shawn/assignees{/user}",
      "branches_url": "https://api.github.com/repos/lvasselt/cassandra-shawn/branches{/branch}",
      "tags_url": "https://api.github.com/repos/lvasselt/cassandra-shawn/tags",
      "blobs_url": "https://api.github.com/repos/lvasselt/cassandra-shawn/git/blobs{/sha}",
      "git_tags_url": "https://api.github.com/repos/lvasselt/cassandra-shawn/git/tags{/sha}",
      "git_refs_url": "https://api.github.com/repos/lvasselt/cassandra-shawn/git/refs{/sha}",
      "trees_url": "https://api.github.com/repos/lvasselt/cassandra-shawn/git/trees{/sha}",
      "statuses_url": "https://api.github.com/repos/lvasselt/cassandra-shawn/statuses/{sha}",
      "languages_url": "https://api.github.com/repos/lvasselt/cassandra-shawn/languages",
      "stargazers_url": "https://api.github.com/repos/lvasselt/cassandra-shawn/stargazers",
      "contributors_url": "https://api.github.com/repos/lvasselt/cassandra-shawn/contributors",
      "subscribers_url": "https://api.github.com/repos/lvasselt/cassandra-shawn/subscribers",
      "subscription_url": "https://api.github.com/repos/lvasselt/cassandra-shawn/subscription",
      "commits_url": "https://api.github.com/repos/lvasselt/cassandra-shawn/commits{/sha}",
      "git_commits_url": "https://api.github.com/repos/lvasselt/cassandra-shawn/git/commits{/sha}",
      "comments_url": "https://api.github.com/repos/lvasselt/cassandra-shawn/comments{/number}",
      "issue_comment_url": "https://api.github.com/repos/lvasselt/cassandra-shawn/issues/comments{/number}",
      "contents_url": "https://api.github.com/repos/lvasselt/cassandra-shawn/contents/{+path}",
      "compare_url": "https://api.github.com/repos/lvasselt/cassandra-shawn/compare/{base}...{head}",
      "merges_url": "https://api.github.com/repos/lvasselt/cassandra-shawn/merges",
      "archive_url": "https://api.github.com/repos/lvasselt/cassandra-shawn/{archive_format}{/ref}",
      "downloads_url": "https://api.github.com/repos/lvasselt/cassandra-shawn/downloads",
      "issues_url": "https://api.github.com/repos/lvasselt/cassandra-shawn/issues{/number}",
      "pulls_url": "https://api.github.com/repos/lvasselt/cassandra-shawn/pulls{/number}",
      "milestones_url": "https://api.github.com/repos/lvasselt/cassandra-shawn/milestones{/number}",
      "notifications_url": "https://api.github.com/repos/lvasselt/cassandra-shawn/notifications{?since,all,participating}",
      "labels_url": "https://api.github.com/repos/lvasselt/cassandra-shawn/labels{/name}",
      "releases_url": "https://api.github.com/repos/lvasselt/cassandra-shawn/releases{/id}",
      "deployments_url": "https://api.github.com/repos/lvasselt/cassandra-shawn/deployments",
      "created_at": "2015-04-14T20:05:41Z",
      "updated_at": "2015-04-14T20:06:57Z",
      "pushed_at": "2015-04-14T20:08:28Z",
      "git_url": "git://github.com/lvasselt/cassandra-shawn.git",
      "ssh_url": "git@github.com:lvasselt/cassandra-shawn.git",
      "clone_url": "https://github.com/lvasselt/cassandra-shawn.git",
      "svn_url": "https://github.com/lvasselt/cassandra-shawn",
      "homepage": null,
      "size": 7624,
      "stargazers_count": 0,
      "watchers_count": 0,
      "language": "Java",
      "has_issues": true,
      "has_projects": true,
      "has_downloads": false,
      "has_wiki": false,
      "has_pages": false,
      "forks_count": 1,
      "mirror_url": null,
      "open_issues_count": 1,
      "forks": 1,
      "open_issues": 1,
      "watchers": 0,
      "default_branch": "master"
    }
  },
  "_links": {
    "self": {
      "href": "https://api.github.com/repos/lvasselt/cassandra-shawn/pulls/1"
    },
    "html": {
      "href": "https://github.com/lvasselt/cassandra-shawn/pull/1"
    },
    "issue": {
      "href": "https://api.github.com/repos/lvasselt/cassandra-shawn/issues/1"
    },
    "comments": {
      "href": "https://api.github.com/repos/lvasselt/cassandra-shawn/issues/1/comments"
    },
    "review_comments": {
      "href": "https://api.github.com/repos/lvasselt/cassandra-shawn/pulls/1/comments"
    },
    "review_comment": {
      "href": "https://api.github.com/repos/lvasselt/cassandra-shawn/pulls/comments{/number}"
    },
    "commits": {
      "href": "https://api.github.com/repos/lvasselt/cassandra-shawn/pulls/1/commits"
    },
    "statuses": {
      "href": "https://api.github.com/repos/lvasselt/cassandra-shawn/statuses/2587379c9a997628132ed1fe11caef35b64cc94c"
    }
  },
  "merged": false,
  "mergeable": null,
  "rebaseable": null,
  "mergeable_state": "unknown",
  "merged_by": null,
  "comments": 0,
  "review_comments": 0,
  "maintainer_can_modify": true,
  "commits": 1,
  "additions": 1,
  "deletions": 1,
  "changed_files": 1
}
